[2018-09-04 10:29:55,261] INFO (AuthFilter.java:39):/
[2018-09-04 10:29:55,269] WARN (AuthFilter.java:41):/
[2018-09-04 10:29:55,269]ERROR (AuthFilter.java:43):/
[2018-09-04 10:29:55,269]FATAL (AuthFilter.java:45):/
[2018-09-04 10:29:55,362] INFO (AuthFilter.java:39):/json/gson
[2018-09-04 10:29:55,363] WARN (AuthFilter.java:41):/json/gson
[2018-09-04 10:29:55,363]ERROR (AuthFilter.java:43):/json/gson
[2018-09-04 10:29:55,364]FATAL (AuthFilter.java:45):/json/gson
[2018-09-04 10:29:55,400] INFO (AuthFilter.java:39):/vendor/common.js
[2018-09-04 10:29:55,400] INFO (AuthFilter.java:39):/css/simple-sidebar.css
[2018-09-04 10:29:55,400] INFO (AuthFilter.java:39):/vendor/bootstrap/js/bootstrap.bundle.min.js
[2018-09-04 10:29:55,400] INFO (AuthFilter.java:39):/css/common.css
[2018-09-04 10:29:55,400] INFO (AuthFilter.java:39):/vendor/jquery/jquery.min.js
[2018-09-04 10:29:55,400] INFO (AuthFilter.java:39):/vendor/bootstrap/css/bootstrap.min.css
[2018-09-04 10:29:55,401] WARN (AuthFilter.java:41):/vendor/jquery/jquery.min.js
[2018-09-04 10:29:55,401] WARN (AuthFilter.java:41):/css/common.css
[2018-09-04 10:29:55,401] WARN (AuthFilter.java:41):/vendor/bootstrap/js/bootstrap.bundle.min.js
[2018-09-04 10:29:55,400] WARN (AuthFilter.java:41):/css/simple-sidebar.css
[2018-09-04 10:29:55,400] WARN (AuthFilter.java:41):/vendor/common.js
[2018-09-04 10:29:55,403]ERROR (AuthFilter.java:43):/css/simple-sidebar.css
[2018-09-04 10:29:55,403]ERROR (AuthFilter.java:43):/vendor/bootstrap/js/bootstrap.bundle.min.js
[2018-09-04 10:29:55,402]ERROR (AuthFilter.java:43):/css/common.css
[2018-09-04 10:29:55,401]ERROR (AuthFilter.java:43):/vendor/jquery/jquery.min.js
[2018-09-04 10:29:55,401] WARN (AuthFilter.java:41):/vendor/bootstrap/css/bootstrap.min.css
[2018-09-04 10:29:55,404]FATAL (AuthFilter.java:45):/vendor/jquery/jquery.min.js
[2018-09-04 10:29:55,404]FATAL (AuthFilter.java:45):/css/common.css
[2018-09-04 10:29:55,403]FATAL (AuthFilter.java:45):/vendor/bootstrap/js/bootstrap.bundle.min.js
[2018-09-04 10:29:55,403]FATAL (AuthFilter.java:45):/css/simple-sidebar.css
[2018-09-04 10:29:55,403]ERROR (AuthFilter.java:43):/vendor/common.js
[2018-09-04 10:29:55,406]FATAL (AuthFilter.java:45):/vendor/common.js
[2018-09-04 10:29:55,404]ERROR (AuthFilter.java:43):/vendor/bootstrap/css/bootstrap.min.css
[2018-09-04 10:29:55,407]FATAL (AuthFilter.java:45):/vendor/bootstrap/css/bootstrap.min.css
[2018-09-04 10:29:55,459] INFO (AuthFilter.java:39):/favicon.ico
[2018-09-04 10:29:55,459] WARN (AuthFilter.java:41):/favicon.ico
[2018-09-04 10:29:55,459]ERROR (AuthFilter.java:43):/favicon.ico
[2018-09-04 10:29:55,459]FATAL (AuthFilter.java:45):/favicon.ico
[2018-09-04 10:30:09,393] INFO (AuthFilter.java:39):/json/gson
[2018-09-04 10:30:09,393] WARN (AuthFilter.java:41):/json/gson
[2018-09-04 10:30:09,393]ERROR (AuthFilter.java:43):/json/gson
[2018-09-04 10:30:09,393]FATAL (AuthFilter.java:45):/json/gson
[2018-09-04 10:34:07,509] INFO (AuthFilter.java:39):/json/gson
[2018-09-04 10:34:07,509] WARN (AuthFilter.java:41):/json/gson
[2018-09-04 10:34:07,509]ERROR (AuthFilter.java:43):/json/gson
[2018-09-04 10:34:07,509]FATAL (AuthFilter.java:45):/json/gson
[2018-09-04 10:45:28,630] INFO (AuthFilter.java:39):/json/gson
[2018-09-04 10:45:28,631] WARN (AuthFilter.java:41):/json/gson
[2018-09-04 10:45:28,631]ERROR (AuthFilter.java:43):/json/gson
[2018-09-04 10:45:28,632]FATAL (AuthFilter.java:45):/json/gson
[2018-09-04 10:45:37,578] INFO (AuthFilter.java:39):/json/gson
[2018-09-04 10:45:37,578] WARN (AuthFilter.java:41):/json/gson
[2018-09-04 10:45:37,579]ERROR (AuthFilter.java:43):/json/gson
[2018-09-04 10:45:37,579]FATAL (AuthFilter.java:45):/json/gson
[2018-09-04 10:49:32,070] INFO (AuthFilter.java:39):/json/gson
[2018-09-04 10:49:32,078] WARN (AuthFilter.java:41):/json/gson
[2018-09-04 10:49:32,078]ERROR (AuthFilter.java:43):/json/gson
[2018-09-04 10:49:32,078]FATAL (AuthFilter.java:45):/json/gson
[2018-09-04 10:52:21,048] INFO (AuthFilter.java:39):/json/gson
[2018-09-04 10:52:21,048] WARN (AuthFilter.java:41):/json/gson
[2018-09-04 10:52:21,049]ERROR (AuthFilter.java:43):/json/gson
[2018-09-04 10:52:21,049]FATAL (AuthFilter.java:45):/json/gson
[2018-09-04 10:52:38,564] INFO (AuthFilter.java:39):/json/gson.html
[2018-09-04 10:52:38,564] WARN (AuthFilter.java:41):/json/gson.html
[2018-09-04 10:52:38,565]ERROR (AuthFilter.java:43):/json/gson.html
[2018-09-04 10:52:38,565]FATAL (AuthFilter.java:45):/json/gson.html
[2018-09-04 10:52:53,941] INFO (AuthFilter.java:39):/json.html
[2018-09-04 10:52:53,941] WARN (AuthFilter.java:41):/json.html
[2018-09-04 10:52:53,941]ERROR (AuthFilter.java:43):/json.html
[2018-09-04 10:52:53,941]FATAL (AuthFilter.java:45):/json.html
[2018-09-04 10:53:58,963] INFO (AuthFilter.java:39):/json.html
[2018-09-04 10:53:58,963] WARN (AuthFilter.java:41):/json.html
[2018-09-04 10:53:58,964]ERROR (AuthFilter.java:43):/json.html
[2018-09-04 10:53:58,964]FATAL (AuthFilter.java:45):/json.html
[2018-09-04 10:55:22,476] INFO (AuthFilter.java:39):/json.html
[2018-09-04 10:55:22,476] WARN (AuthFilter.java:41):/json.html
[2018-09-04 10:55:22,476]ERROR (AuthFilter.java:43):/json.html
[2018-09-04 10:55:22,476]FATAL (AuthFilter.java:45):/json.html
[2018-09-04 10:55:22,995] INFO (AuthFilter.java:39):/json.html
[2018-09-04 10:55:22,995] WARN (AuthFilter.java:41):/json.html
[2018-09-04 10:55:22,995]ERROR (AuthFilter.java:43):/json.html
[2018-09-04 10:55:22,996]FATAL (AuthFilter.java:45):/json.html
[2018-09-04 10:55:23,196] INFO (AuthFilter.java:39):/json.html
[2018-09-04 10:55:23,196] WARN (AuthFilter.java:41):/json.html
[2018-09-04 10:55:23,197]ERROR (AuthFilter.java:43):/json.html
[2018-09-04 10:55:23,197]FATAL (AuthFilter.java:45):/json.html
[2018-09-04 10:55:23,358] INFO (AuthFilter.java:39):/json.html
[2018-09-04 10:55:23,359] WARN (AuthFilter.java:41):/json.html
[2018-09-04 10:55:23,359]ERROR (AuthFilter.java:43):/json.html
[2018-09-04 10:55:23,360]FATAL (AuthFilter.java:45):/json.html
[2018-09-04 10:55:58,194] INFO (AuthFilter.java:39):/gson.html
[2018-09-04 10:55:58,200] WARN (AuthFilter.java:41):/gson.html
[2018-09-04 10:55:58,200]ERROR (AuthFilter.java:43):/gson.html
[2018-09-04 10:55:58,200]FATAL (AuthFilter.java:45):/gson.html
[2018-09-04 10:56:42,615] INFO (AuthFilter.java:39):/gson.html
[2018-09-04 10:56:42,617] WARN (AuthFilter.java:41):/gson.html
[2018-09-04 10:56:42,617]ERROR (AuthFilter.java:43):/gson.html
[2018-09-04 10:56:42,618]FATAL (AuthFilter.java:45):/gson.html
[2018-09-04 10:56:46,115] INFO (AuthFilter.java:39):/gson.html
[2018-09-04 10:56:46,115] WARN (AuthFilter.java:41):/gson.html
[2018-09-04 10:56:46,115]ERROR (AuthFilter.java:43):/gson.html
[2018-09-04 10:56:46,116]FATAL (AuthFilter.java:45):/gson.html
[2018-09-04 10:56:57,507] INFO (AuthFilter.java:39):/
[2018-09-04 10:56:57,512] WARN (AuthFilter.java:41):/
[2018-09-04 10:56:57,512]ERROR (AuthFilter.java:43):/
[2018-09-04 10:56:57,513]FATAL (AuthFilter.java:45):/
[2018-09-04 10:57:01,270] INFO (AuthFilter.java:39):/gson.html
[2018-09-04 10:57:01,272] WARN (AuthFilter.java:41):/gson.html
[2018-09-04 10:57:01,272]ERROR (AuthFilter.java:43):/gson.html
[2018-09-04 10:57:01,272]FATAL (AuthFilter.java:45):/gson.html
[2018-09-04 10:57:01,429] INFO (AuthFilter.java:39):/gson.html
[2018-09-04 10:57:01,429] WARN (AuthFilter.java:41):/gson.html
[2018-09-04 10:57:01,429]ERROR (AuthFilter.java:43):/gson.html
[2018-09-04 10:57:01,429]FATAL (AuthFilter.java:45):/gson.html
[2018-09-04 10:57:01,575] INFO (AuthFilter.java:39):/gson.html
[2018-09-04 10:57:01,575] WARN (AuthFilter.java:41):/gson.html
[2018-09-04 10:57:01,576]ERROR (AuthFilter.java:43):/gson.html
[2018-09-04 10:57:01,576]FATAL (AuthFilter.java:45):/gson.html
[2018-09-04 10:57:19,189] INFO (AuthFilter.java:39):/gson.html
[2018-09-04 10:57:19,190] WARN (AuthFilter.java:41):/gson.html
[2018-09-04 10:57:19,190]ERROR (AuthFilter.java:43):/gson.html
[2018-09-04 10:57:19,191]FATAL (AuthFilter.java:45):/gson.html
[2018-09-04 10:57:19,433] INFO (AuthFilter.java:39):/gson.html
[2018-09-04 10:57:19,433] WARN (AuthFilter.java:41):/gson.html
[2018-09-04 10:57:19,434]ERROR (AuthFilter.java:43):/gson.html
[2018-09-04 10:57:19,434]FATAL (AuthFilter.java:45):/gson.html
[2018-09-04 10:57:19,628] INFO (AuthFilter.java:39):/gson.html
[2018-09-04 10:57:19,629] WARN (AuthFilter.java:41):/gson.html
[2018-09-04 10:57:19,629]ERROR (AuthFilter.java:43):/gson.html
[2018-09-04 10:57:19,629]FATAL (AuthFilter.java:45):/gson.html
[2018-09-04 10:57:19,792] INFO (AuthFilter.java:39):/gson.html
[2018-09-04 10:57:19,792] WARN (AuthFilter.java:41):/gson.html
[2018-09-04 10:57:19,792]ERROR (AuthFilter.java:43):/gson.html
[2018-09-04 10:57:19,793]FATAL (AuthFilter.java:45):/gson.html
[2018-09-04 10:57:19,972] INFO (AuthFilter.java:39):/gson.html
[2018-09-04 10:57:19,973] WARN (AuthFilter.java:41):/gson.html
[2018-09-04 10:57:19,973]ERROR (AuthFilter.java:43):/gson.html
[2018-09-04 10:57:19,974]FATAL (AuthFilter.java:45):/gson.html
[2018-09-04 10:57:23,340] INFO (AuthFilter.java:39):/gson.html
[2018-09-04 10:57:23,340] WARN (AuthFilter.java:41):/gson.html
[2018-09-04 10:57:23,341]ERROR (AuthFilter.java:43):/gson.html
[2018-09-04 10:57:23,341]FATAL (AuthFilter.java:45):/gson.html
[2018-09-04 10:58:53,356] INFO (AuthFilter.java:39):/gson.html
[2018-09-04 10:58:53,356] WARN (AuthFilter.java:41):/gson.html
[2018-09-04 10:58:53,357]ERROR (AuthFilter.java:43):/gson.html
[2018-09-04 10:58:53,357]FATAL (AuthFilter.java:45):/gson.html
[2018-09-04 10:58:53,527] INFO (AuthFilter.java:39):/gson.html
[2018-09-04 10:58:53,527] WARN (AuthFilter.java:41):/gson.html
[2018-09-04 10:58:53,527]ERROR (AuthFilter.java:43):/gson.html
[2018-09-04 10:58:53,527]FATAL (AuthFilter.java:45):/gson.html
[2018-09-04 10:58:53,726] INFO (AuthFilter.java:39):/gson.html
[2018-09-04 10:58:53,726] WARN (AuthFilter.java:41):/gson.html
[2018-09-04 10:58:53,726]ERROR (AuthFilter.java:43):/gson.html
[2018-09-04 10:58:53,726]FATAL (AuthFilter.java:45):/gson.html
[2018-09-04 10:58:55,474] INFO (AuthFilter.java:39):/json/list
[2018-09-04 10:58:55,474] WARN (AuthFilter.java:41):/json/list
[2018-09-04 10:58:55,474]ERROR (AuthFilter.java:43):/json/list
[2018-09-04 10:58:55,474]FATAL (AuthFilter.java:45):/json/list
[2018-09-04 11:01:41,380] INFO (AuthFilter.java:39):/gson.html
[2018-09-04 11:01:41,381] WARN (AuthFilter.java:41):/gson.html
[2018-09-04 11:01:41,381]ERROR (AuthFilter.java:43):/gson.html
[2018-09-04 11:01:41,381]FATAL (AuthFilter.java:45):/gson.html
[2018-09-04 11:01:43,967] INFO (AuthFilter.java:39):/json/list
[2018-09-04 11:01:43,967] WARN (AuthFilter.java:41):/json/list
[2018-09-04 11:01:43,968]ERROR (AuthFilter.java:43):/json/list
[2018-09-04 11:01:43,968]FATAL (AuthFilter.java:45):/json/list
[2018-09-04 11:01:49,342] INFO (AuthFilter.java:39):/gson.html
[2018-09-04 11:01:49,343] WARN (AuthFilter.java:41):/gson.html
[2018-09-04 11:01:49,344]ERROR (AuthFilter.java:43):/gson.html
[2018-09-04 11:01:49,344]FATAL (AuthFilter.java:45):/gson.html
[2018-09-04 11:01:51,131] INFO (AuthFilter.java:39):/json/list
[2018-09-04 11:01:51,131] WARN (AuthFilter.java:41):/json/list
[2018-09-04 11:01:51,132]ERROR (AuthFilter.java:43):/json/list
[2018-09-04 11:01:51,132]FATAL (AuthFilter.java:45):/json/list
[2018-09-04 11:06:35,853] INFO (AuthFilter.java:39):/gson.html
[2018-09-04 11:06:35,854] WARN (AuthFilter.java:41):/gson.html
[2018-09-04 11:06:35,854]ERROR (AuthFilter.java:43):/gson.html
[2018-09-04 11:06:35,855]FATAL (AuthFilter.java:45):/gson.html
[2018-09-04 11:36:53,761] INFO (AuthFilter.java:39):/gson.html
[2018-09-04 11:36:53,761] WARN (AuthFilter.java:41):/gson.html
[2018-09-04 11:36:53,762]ERROR (AuthFilter.java:43):/gson.html
[2018-09-04 11:36:53,762]FATAL (AuthFilter.java:45):/gson.html
[2018-09-04 11:38:23,099] INFO (AuthFilter.java:39):/gson.html
[2018-09-04 11:38:23,116] WARN (AuthFilter.java:41):/gson.html
[2018-09-04 11:38:23,116]ERROR (AuthFilter.java:43):/gson.html
[2018-09-04 11:38:23,117]FATAL (AuthFilter.java:45):/gson.html
[2018-09-04 11:41:20,964] INFO (AuthFilter.java:39):/gson.html
[2018-09-04 11:41:20,967] WARN (AuthFilter.java:41):/gson.html
[2018-09-04 11:41:20,967]ERROR (AuthFilter.java:43):/gson.html
[2018-09-04 11:41:20,968]FATAL (AuthFilter.java:45):/gson.html
[2018-09-04 11:42:11,815] INFO (AuthFilter.java:39):/gson.html
[2018-09-04 11:42:11,822] WARN (AuthFilter.java:41):/gson.html
[2018-09-04 11:42:11,822]ERROR (AuthFilter.java:43):/gson.html
[2018-09-04 11:42:11,822]FATAL (AuthFilter.java:45):/gson.html
[2018-09-04 11:42:38,134] INFO (AuthFilter.java:39):/gson.html
[2018-09-04 11:42:38,137] WARN (AuthFilter.java:41):/gson.html
[2018-09-04 11:42:38,138]ERROR (AuthFilter.java:43):/gson.html
[2018-09-04 11:42:38,138]FATAL (AuthFilter.java:45):/gson.html
[2018-09-04 11:44:13,008] INFO (AuthFilter.java:39):/
[2018-09-04 11:44:13,012] WARN (AuthFilter.java:41):/
[2018-09-04 11:44:13,013]ERROR (AuthFilter.java:43):/
[2018-09-04 11:44:13,013]FATAL (AuthFilter.java:45):/
[2018-09-04 11:44:17,885] INFO (AuthFilter.java:39):/gson.html
[2018-09-04 11:44:17,887] WARN (AuthFilter.java:41):/gson.html
[2018-09-04 11:44:17,888]ERROR (AuthFilter.java:43):/gson.html
[2018-09-04 11:44:17,888]FATAL (AuthFilter.java:45):/gson.html
[2018-09-04 11:45:24,111] INFO (AuthFilter.java:39):/
[2018-09-04 11:45:24,116] WARN (AuthFilter.java:41):/
[2018-09-04 11:45:24,116]ERROR (AuthFilter.java:43):/
[2018-09-04 11:45:24,117]FATAL (AuthFilter.java:45):/
[2018-09-04 11:45:27,194] INFO (AuthFilter.java:39):/gson.html
[2018-09-04 11:45:27,196] WARN (AuthFilter.java:41):/gson.html
[2018-09-04 11:45:27,196]ERROR (AuthFilter.java:43):/gson.html
[2018-09-04 11:45:27,196]FATAL (AuthFilter.java:45):/gson.html
[2018-09-04 11:45:27,492] INFO (AuthFilter.java:39):/vendor/bootstrap/js/bootstrap.bundle.min.js.map
[2018-09-04 11:45:27,492] WARN (AuthFilter.java:41):/vendor/bootstrap/js/bootstrap.bundle.min.js.map
[2018-09-04 11:45:27,492]ERROR (AuthFilter.java:43):/vendor/bootstrap/js/bootstrap.bundle.min.js.map
[2018-09-04 11:45:27,492]FATAL (AuthFilter.java:45):/vendor/bootstrap/js/bootstrap.bundle.min.js.map
[2018-09-04 11:45:27,494] INFO (AuthFilter.java:39):/vendor/bootstrap/css/bootstrap.min.css.map
[2018-09-04 11:45:27,494] WARN (AuthFilter.java:41):/vendor/bootstrap/css/bootstrap.min.css.map
[2018-09-04 11:45:27,494]ERROR (AuthFilter.java:43):/vendor/bootstrap/css/bootstrap.min.css.map
[2018-09-04 11:45:27,494]FATAL (AuthFilter.java:45):/vendor/bootstrap/css/bootstrap.min.css.map
[2018-09-04 11:45:35,199] INFO (AuthFilter.java:39):/json.html
[2018-09-04 11:45:35,200] WARN (AuthFilter.java:41):/json.html
[2018-09-04 11:45:35,200]ERROR (AuthFilter.java:43):/json.html
[2018-09-04 11:45:35,200]FATAL (AuthFilter.java:45):/json.html
[2018-09-04 11:46:56,383] INFO (AuthFilter.java:39):/json.html
[2018-09-04 11:46:56,384] WARN (AuthFilter.java:41):/json.html
[2018-09-04 11:46:56,384]ERROR (AuthFilter.java:43):/json.html
[2018-09-04 11:46:56,384]FATAL (AuthFilter.java:45):/json.html
[2018-09-04 11:46:56,888] INFO (AuthFilter.java:39):/json.html
[2018-09-04 11:46:56,888] WARN (AuthFilter.java:41):/json.html
[2018-09-04 11:46:56,889]ERROR (AuthFilter.java:43):/json.html
[2018-09-04 11:46:56,889]FATAL (AuthFilter.java:45):/json.html
[2018-09-04 11:50:11,912] INFO (AuthFilter.java:39):/json.html
[2018-09-04 11:50:11,913] WARN (AuthFilter.java:41):/json.html
[2018-09-04 11:50:11,914]ERROR (AuthFilter.java:43):/json.html
[2018-09-04 11:50:11,914]FATAL (AuthFilter.java:45):/json.html
[2018-09-04 11:51:12,540] INFO (AuthFilter.java:39):/json.html
[2018-09-04 11:51:12,541] WARN (AuthFilter.java:41):/json.html
[2018-09-04 11:51:12,541]ERROR (AuthFilter.java:43):/json.html
[2018-09-04 11:51:12,541]FATAL (AuthFilter.java:45):/json.html
[2018-09-04 11:52:07,277] INFO (AuthFilter.java:39):/json.html
[2018-09-04 11:52:07,277] WARN (AuthFilter.java:41):/json.html
[2018-09-04 11:52:07,277]ERROR (AuthFilter.java:43):/json.html
[2018-09-04 11:52:07,278]FATAL (AuthFilter.java:45):/json.html
[2018-09-04 11:52:49,379] INFO (AuthFilter.java:39):/json.html
[2018-09-04 11:52:49,379] WARN (AuthFilter.java:41):/json.html
[2018-09-04 11:52:49,379]ERROR (AuthFilter.java:43):/json.html
[2018-09-04 11:52:49,380]FATAL (AuthFilter.java:45):/json.html
[2018-09-04 11:53:14,327] INFO (AuthFilter.java:39):/json.html
[2018-09-04 11:53:14,328] WARN (AuthFilter.java:41):/json.html
[2018-09-04 11:53:14,328]ERROR (AuthFilter.java:43):/json.html
[2018-09-04 11:53:14,328]FATAL (AuthFilter.java:45):/json.html
[2018-09-04 11:54:36,930] INFO (AuthFilter.java:39):/json.html
[2018-09-04 11:54:36,930] WARN (AuthFilter.java:41):/json.html
[2018-09-04 11:54:36,930]ERROR (AuthFilter.java:43):/json.html
[2018-09-04 11:54:36,930]FATAL (AuthFilter.java:45):/json.html
[2018-09-04 11:54:43,140] INFO (AuthFilter.java:39):/json.html
[2018-09-04 11:54:43,141] WARN (AuthFilter.java:41):/json.html
[2018-09-04 11:54:43,141]ERROR (AuthFilter.java:43):/json.html
[2018-09-04 11:54:43,141]FATAL (AuthFilter.java:45):/json.html
[2018-09-04 11:57:28,397] INFO (AuthFilter.java:39):/json.html
[2018-09-04 11:57:28,410] WARN (AuthFilter.java:41):/json.html
[2018-09-04 11:57:28,410]ERROR (AuthFilter.java:43):/json.html
[2018-09-04 11:57:28,410]FATAL (AuthFilter.java:45):/json.html
[2018-09-04 11:58:44,205] INFO (AuthFilter.java:39):/json.html
[2018-09-04 11:58:44,208] WARN (AuthFilter.java:41):/json.html
[2018-09-04 11:58:44,208]ERROR (AuthFilter.java:43):/json.html
[2018-09-04 11:58:44,209]FATAL (AuthFilter.java:45):/json.html
[2018-09-04 11:58:50,818] INFO (AuthFilter.java:39):/json/list
[2018-09-04 11:58:50,818] WARN (AuthFilter.java:41):/json/list
[2018-09-04 11:58:50,818]ERROR (AuthFilter.java:43):/json/list
[2018-09-04 11:58:50,818]FATAL (AuthFilter.java:45):/json/list
[2018-09-04 11:59:52,133] INFO (AuthFilter.java:39):/json.html
[2018-09-04 11:59:52,139] WARN (AuthFilter.java:41):/json.html
[2018-09-04 11:59:52,139]ERROR (AuthFilter.java:43):/json.html
[2018-09-04 11:59:52,139]FATAL (AuthFilter.java:45):/json.html
[2018-09-04 12:01:14,223] INFO (AuthFilter.java:39):/json.html
[2018-09-04 12:01:14,224] WARN (AuthFilter.java:41):/json.html
[2018-09-04 12:01:14,224]ERROR (AuthFilter.java:43):/json.html
[2018-09-04 12:01:14,224]FATAL (AuthFilter.java:45):/json.html
[2018-09-04 12:01:15,580] INFO (AuthFilter.java:39):/json/list
[2018-09-04 12:01:15,580] WARN (AuthFilter.java:41):/json/list
[2018-09-04 12:01:15,580]ERROR (AuthFilter.java:43):/json/list
[2018-09-04 12:01:15,580]FATAL (AuthFilter.java:45):/json/list
[2018-09-04 13:17:47,553] INFO (AuthFilter.java:39):/json.html
[2018-09-04 13:17:47,568] WARN (AuthFilter.java:41):/json.html
[2018-09-04 13:17:47,568]ERROR (AuthFilter.java:43):/json.html
[2018-09-04 13:17:47,569]FATAL (AuthFilter.java:45):/json.html
[2018-09-04 13:17:48,544] INFO (AuthFilter.java:39):/json/list
[2018-09-04 13:17:48,544] WARN (AuthFilter.java:41):/json/list
[2018-09-04 13:17:48,544]ERROR (AuthFilter.java:43):/json/list
[2018-09-04 13:17:48,544]FATAL (AuthFilter.java:45):/json/list
[2018-09-04 13:17:48,972] INFO (AuthFilter.java:39):/json/list
[2018-09-04 13:17:48,973] WARN (AuthFilter.java:41):/json/list
[2018-09-04 13:17:48,973]ERROR (AuthFilter.java:43):/json/list
[2018-09-04 13:17:48,973]FATAL (AuthFilter.java:45):/json/list
[2018-09-04 13:17:52,940] INFO (AuthFilter.java:39):/json/list
[2018-09-04 13:17:52,940] WARN (AuthFilter.java:41):/json/list
[2018-09-04 13:17:52,940]ERROR (AuthFilter.java:43):/json/list
[2018-09-04 13:17:52,940]FATAL (AuthFilter.java:45):/json/list
[2018-09-04 13:19:05,527] INFO (AuthFilter.java:39):/json.html
[2018-09-04 13:19:05,527] WARN (AuthFilter.java:41):/json.html
[2018-09-04 13:19:05,528]ERROR (AuthFilter.java:43):/json.html
[2018-09-04 13:19:05,528]FATAL (AuthFilter.java:45):/json.html
[2018-09-04 13:19:06,562] INFO (AuthFilter.java:39):/json/list
[2018-09-04 13:19:06,562] WARN (AuthFilter.java:41):/json/list
[2018-09-04 13:19:06,562]ERROR (AuthFilter.java:43):/json/list
[2018-09-04 13:19:06,562]FATAL (AuthFilter.java:45):/json/list
[2018-09-04 13:19:16,293] INFO (AuthFilter.java:39):/json/list
[2018-09-04 13:19:16,293] WARN (AuthFilter.java:41):/json/list
[2018-09-04 13:19:16,293]ERROR (AuthFilter.java:43):/json/list
[2018-09-04 13:19:16,293]FATAL (AuthFilter.java:45):/json/list
[2018-09-04 13:21:49,994] INFO (AuthFilter.java:39):/json/list
[2018-09-04 13:21:49,995] WARN (AuthFilter.java:41):/json/list
[2018-09-04 13:21:49,995]ERROR (AuthFilter.java:43):/json/list
[2018-09-04 13:21:49,996]FATAL (AuthFilter.java:45):/json/list
[2018-09-04 13:22:02,987] INFO (AuthFilter.java:39):/json.html
[2018-09-04 13:22:02,994] WARN (AuthFilter.java:41):/json.html
[2018-09-04 13:22:02,994]ERROR (AuthFilter.java:43):/json.html
[2018-09-04 13:22:02,995]FATAL (AuthFilter.java:45):/json.html
[2018-09-04 13:22:04,583] INFO (AuthFilter.java:39):/json/list
[2018-09-04 13:22:04,584] WARN (AuthFilter.java:41):/json/list
[2018-09-04 13:22:04,584]ERROR (AuthFilter.java:43):/json/list
[2018-09-04 13:22:04,584]FATAL (AuthFilter.java:45):/json/list
[2018-09-04 13:25:37,275] INFO (AuthFilter.java:39):/json.html
[2018-09-04 13:25:37,291] WARN (AuthFilter.java:41):/json.html
[2018-09-04 13:25:37,291]ERROR (AuthFilter.java:43):/json.html
[2018-09-04 13:25:37,291]FATAL (AuthFilter.java:45):/json.html
[2018-09-04 13:25:38,163] INFO (AuthFilter.java:39):/json/list
[2018-09-04 13:25:38,164] WARN (AuthFilter.java:41):/json/list
[2018-09-04 13:25:38,164]ERROR (AuthFilter.java:43):/json/list
[2018-09-04 13:25:38,164]FATAL (AuthFilter.java:45):/json/list
[2018-09-04 13:25:47,384] INFO (AuthFilter.java:39):/json/list
[2018-09-04 13:25:47,384] WARN (AuthFilter.java:41):/json/list
[2018-09-04 13:25:47,384]ERROR (AuthFilter.java:43):/json/list
[2018-09-04 13:25:47,384]FATAL (AuthFilter.java:45):/json/list
[2018-09-04 13:27:50,274] INFO (AuthFilter.java:39):/json.html
[2018-09-04 13:27:50,281] WARN (AuthFilter.java:41):/json.html
[2018-09-04 13:27:50,281]ERROR (AuthFilter.java:43):/json.html
[2018-09-04 13:27:50,281]FATAL (AuthFilter.java:45):/json.html
[2018-09-04 13:27:51,302] INFO (AuthFilter.java:39):/json/list
[2018-09-04 13:27:51,303] WARN (AuthFilter.java:41):/json/list
[2018-09-04 13:27:51,303]ERROR (AuthFilter.java:43):/json/list
[2018-09-04 13:27:51,304]FATAL (AuthFilter.java:45):/json/list
[2018-09-04 13:35:02,559] INFO (AuthFilter.java:39):/json.html
[2018-09-04 13:35:02,560] WARN (AuthFilter.java:41):/json.html
[2018-09-04 13:35:02,560]ERROR (AuthFilter.java:43):/json.html
[2018-09-04 13:35:02,561]FATAL (AuthFilter.java:45):/json.html
[2018-09-04 13:35:03,624] INFO (AuthFilter.java:39):/json/list
[2018-09-04 13:35:03,625] WARN (AuthFilter.java:41):/json/list
[2018-09-04 13:35:03,625]ERROR (AuthFilter.java:43):/json/list
[2018-09-04 13:35:03,625]FATAL (AuthFilter.java:45):/json/list
[2018-09-04 13:36:34,288] INFO (AuthFilter.java:39):/json.html
[2018-09-04 13:36:34,289] WARN (AuthFilter.java:41):/json.html
[2018-09-04 13:36:34,289]ERROR (AuthFilter.java:43):/json.html
[2018-09-04 13:36:34,289]FATAL (AuthFilter.java:45):/json.html
[2018-09-04 13:36:35,027] INFO (AuthFilter.java:39):/json/list
[2018-09-04 13:36:35,027] WARN (AuthFilter.java:41):/json/list
[2018-09-04 13:36:35,027]ERROR (AuthFilter.java:43):/json/list
[2018-09-04 13:36:35,027]FATAL (AuthFilter.java:45):/json/list
[2018-09-04 13:37:09,771] INFO (AuthFilter.java:39):/json.html
[2018-09-04 13:37:09,772] WARN (AuthFilter.java:41):/json.html
[2018-09-04 13:37:09,772]ERROR (AuthFilter.java:43):/json.html
[2018-09-04 13:37:09,772]FATAL (AuthFilter.java:45):/json.html
[2018-09-04 13:37:10,636] INFO (AuthFilter.java:39):/json/list
[2018-09-04 13:37:10,636] WARN (AuthFilter.java:41):/json/list
[2018-09-04 13:37:10,636]ERROR (AuthFilter.java:43):/json/list
[2018-09-04 13:37:10,636]FATAL (AuthFilter.java:45):/json/list
[2018-09-04 13:38:39,313] INFO (AuthFilter.java:39):/json.html
[2018-09-04 13:38:39,313] WARN (AuthFilter.java:41):/json.html
[2018-09-04 13:38:39,314]ERROR (AuthFilter.java:43):/json.html
[2018-09-04 13:38:39,314]FATAL (AuthFilter.java:45):/json.html
[2018-09-04 13:38:41,434] INFO (AuthFilter.java:39):/json/list
[2018-09-04 13:38:41,434] WARN (AuthFilter.java:41):/json/list
[2018-09-04 13:38:41,434]ERROR (AuthFilter.java:43):/json/list
[2018-09-04 13:38:41,435]FATAL (AuthFilter.java:45):/json/list
[2018-09-04 13:39:27,429] INFO (AuthFilter.java:39):/json/list
[2018-09-04 13:39:27,432] WARN (AuthFilter.java:41):/json/list
[2018-09-04 13:39:27,432]ERROR (AuthFilter.java:43):/json/list
[2018-09-04 13:39:27,433]FATAL (AuthFilter.java:45):/json/list
[2018-09-04 13:46:38,388] INFO (AuthFilter.java:39):/json.html
[2018-09-04 13:46:38,390] WARN (AuthFilter.java:41):/json.html
[2018-09-04 13:46:38,390]ERROR (AuthFilter.java:43):/json.html
[2018-09-04 13:46:38,390]FATAL (AuthFilter.java:45):/json.html
[2018-09-04 13:46:42,389] INFO (AuthFilter.java:39):/json/list
[2018-09-04 13:46:42,389] WARN (AuthFilter.java:41):/json/list
[2018-09-04 13:46:42,389]ERROR (AuthFilter.java:43):/json/list
[2018-09-04 13:46:42,389]FATAL (AuthFilter.java:45):/json/list
[2018-09-04 13:49:21,359] INFO (AuthFilter.java:39):/menu/menuList
[2018-09-04 13:49:21,359] WARN (AuthFilter.java:41):/menu/menuList
[2018-09-04 13:49:21,359]ERROR (AuthFilter.java:43):/menu/menuList
[2018-09-04 13:49:21,360]FATAL (AuthFilter.java:45):/menu/menuList
[2018-09-04 13:58:16,501] INFO (AuthFilter.java:39):/json.html
[2018-09-04 13:58:16,507] WARN (AuthFilter.java:41):/json.html
[2018-09-04 13:58:16,507]ERROR (AuthFilter.java:43):/json.html
[2018-09-04 13:58:16,507]FATAL (AuthFilter.java:45):/json.html
[2018-09-04 13:58:18,327] INFO (AuthFilter.java:39):/json/list
[2018-09-04 13:58:18,328] WARN (AuthFilter.java:41):/json/list
[2018-09-04 13:58:18,328]ERROR (AuthFilter.java:43):/json/list
[2018-09-04 13:58:18,328]FATAL (AuthFilter.java:45):/json/list
[2018-09-04 13:59:06,261] INFO (AuthFilter.java:39):/json.html
[2018-09-04 13:59:06,262] WARN (AuthFilter.java:41):/json.html
[2018-09-04 13:59:06,262]ERROR (AuthFilter.java:43):/json.html
[2018-09-04 13:59:06,262]FATAL (AuthFilter.java:45):/json.html
[2018-09-04 13:59:07,388] INFO (AuthFilter.java:39):/json/list
[2018-09-04 13:59:07,388] WARN (AuthFilter.java:41):/json/list
[2018-09-04 13:59:07,388]ERROR (AuthFilter.java:43):/json/list
[2018-09-04 13:59:07,388]FATAL (AuthFilter.java:45):/json/list
